  Day= 1-Jan
       66.5E 67.5E 68.5E 69.5E 70.5E 71.5E 72.5E 73.5E 74.5E 75.5E 76.5E 77.5E 78.5E 79.5E 80.5E 81.5E 82.5E 83.5E 84.5E 85.5E 86.5E 87.5E 88.5E 89.5E 90.5E 91.5E 92.5E 93.5E 94.5E 95.5E 96.5E 97.5E
 37.5N                                                                                                                                                                                                
 36.5N                                       0.6   2.3   3.7   5.2               3.6   2.9                                                                                                            
 35.5N                                             3.9   5.1   6.6   5.4   3.9   2.5   2.1   3.5                                                                                                      
 34.5N                                             6.5   5.0   4.7   4.2   2.4   1.2   1.7                                                                                                            
 33.5N                                             3.0   4.0   4.3   7.6   0.5   0.0   2.3                                                                                                            
 32.5N                                                   0.3   3.2  18.0   3.9   3.6   4.5                                                                                                            
 31.5N                                                   0.0   1.9  25.8   8.2   4.0  28.3                                                                                                            
 30.5N                                             0.0   0.0   0.0   0.0  16.2  21.8  34.5  17.5                                                                                                      
 29.5N                                       0.0   0.0   0.0   0.0   0.0   2.7   8.3  24.4  26.8                                                                                 0.0   0.0   0.0      
 28.5N                           0.0   0.0   0.0   0.0   0.0   0.0   0.0   0.0   0.8   0.7   0.7   5.9                                       0.0               0.0   0.0   0.0   0.0   0.0   0.0   0.0
 27.5N                     0.0   0.0   0.0   0.0   0.0   0.0   0.0   0.0   0.0   0.0   0.0   0.3  11.5   8.9   2.3   1.8                     0.0   0.0   0.0   0.0   0.0   0.0   0.0   0.0   0.0   0.0
 26.5N                           0.0   0.0   0.0   0.0   0.0   0.0   0.0   0.0   0.0   0.0   3.8   6.0   5.8   5.2   0.2   2.0   0.0   0.0   0.0   0.0   0.0   0.0   0.0   0.0   0.0   0.0            
 25.5N                           0.0   0.0   0.0   0.0   0.0   0.0   0.0   0.0   0.0   1.1   6.2   3.2   1.4   0.4   0.0   0.0   0.0   0.0   0.0         0.0   0.0   0.0   0.0   0.0                  
 24.5N               0.0   0.0   0.0   0.0   0.0   0.0   0.0   0.0   0.0   0.0   4.8   0.4   0.8   3.7   7.7   1.5   0.0   0.3   0.0   0.0   0.0               0.0   0.0   0.0   0.0                  
 23.5N               0.0   0.0   0.0   0.0   0.0   0.0   0.0   0.0   0.0   0.0   0.4   0.4  19.7  18.3   7.1   5.5   0.1   1.0   0.0   0.0   0.0               0.2   0.1   0.0                        
 22.5N                     0.0   0.0   0.0   0.0   0.0   0.0   0.0   0.0   0.8   6.4  17.9  14.0  19.7   0.4   9.4   0.0   0.0   0.0   0.4   0.0                     0.2                              
 21.5N                     0.0   0.0   0.0   0.0   0.0   0.0   0.0   0.6   0.0  11.2  33.5  51.1   1.6   0.0   4.8   0.7   0.0   0.0   2.0   0.9                                                      
 20.5N                           0.0   0.0   0.0   0.0   0.0   0.0   1.8   6.7   2.1   3.6   0.0   0.0   0.0   0.0   0.0   0.2   0.2                                                                  
 19.5N                                       0.0   0.0   0.0   0.0   0.0   2.5   0.0   0.1   0.0   0.0   0.3   0.0   0.0   0.0                                                                        
 18.5N                                       0.0   0.0   0.0   0.0   7.3   0.0   0.0   0.0   0.0   0.0   1.4   0.0   0.1                                                                              
 17.5N                                             0.0   0.0   0.6   4.4   0.0   0.0   0.0   0.0   0.0   0.6   0.7                                                                                    
 16.5N                                             0.0   0.0   2.1   0.0   0.0   0.0   0.8  11.1  16.5  11.8                                                                                          
 15.5N                                             0.0   0.0   0.0   0.0   0.0   0.0  27.1  12.0                                                                                                      
 14.5N                                                   0.0   0.0   0.0   0.1  10.2  32.3  47.3                                                                                                      
 13.5N                                                   0.0   0.6   0.0   1.5   3.8  30.7  28.3                                                                                                      
 12.5N                                                   0.0   0.0   0.0   1.0   8.4  39.1  29.3                                                                                                      
 11.5N                                                         2.4   0.0  13.1   2.1  97.4                                                                                                            
 10.5N                                                         2.4   0.0   5.8  27.4  59.2                                                                                                            
  9.5N                                                               1.3  31.1  48.9 126.8                                                                                                            
  8.5N                                                              31.9  35.9  49.5                                                                                                                  

  Day= 2-Jan
       66.5E 67.5E 68.5E 69.5E 70.5E 71.5E 72.5E 73.5E 74.5E 75.5E 76.5E 77.5E 78.5E 79.5E 80.5E 81.5E 82.5E 83.5E 84.5E 85.5E 86.5E 87.5E 88.5E 89.5E 90.5E 91.5E 92.5E 93.5E 94.5E 95.5E 96.5E 97.5E
 37.5N                                                                                                                                                                                                
 36.5N                                       0.4   1.3   2.2   2.9              10.8  14.1                                                                                                            
 35.5N                                             2.2   3.1   3.6   3.5   8.7  15.6  17.4  16.0                                                                                                      
 34.5N                                             3.6   3.5   3.5   3.5  13.8  22.5  19.1                                                                                                            
 33.5N                                             1.9   3.1   3.3   9.4  24.0  31.2  15.8                                                                                                            
 32.5N                                                   0.0   0.0   0.9  22.9   4.7   0.3                                                                                                            
 31.5N                                                   0.0   0.0  14.0   0.0   0.4  10.1                                                                                                            
 30.5N                                             0.0   0.0   0.0   0.0   0.0   1.0  13.1   5.8                                                                                                      
 29.5N                                       0.0   0.0   0.0   0.0   0.0   0.0   0.0  14.9   9.2                                                                                 0.0   0.0   0.0      
 28.5N                           0.0   0.0   0.0   0.0   0.0   0.0   0.0   0.0   0.0   0.5   0.4   0.0                                       0.0               0.0   0.0   0.0   0.0   0.0   0.0   0.0
 27.5N                     0.0   0.0   0.0   0.0   0.0   0.0   0.0   0.0   0.0   0.0   0.0   0.0   0.0   0.0   6.8   8.4                     0.0   0.0   0.0   0.0   0.0   0.0   0.0   0.0   0.0   0.0
 26.5N                           0.0   0.0   0.0   0.0   0.0   0.0   0.0   0.0   0.0   0.0   0.0   0.0   0.0   4.9  14.0   0.0   0.0   0.0   0.0   0.0   0.0   0.0   0.0   0.0   0.0   0.0            
 25.5N                           0.0   0.0   0.0   0.0   0.0   0.0   0.0   0.0   0.0   0.0   0.0   0.0   0.0   0.9   0.1   0.0   0.0   0.0   0.0         0.0   0.0   0.0   1.2   3.6                  
 24.5N               0.0   0.0   0.0   0.0   0.0   0.0   0.0   0.0   0.0   0.0   0.0   0.0   0.0   1.0   4.3   0.4   0.9   0.7   0.0   0.0   0.0               1.6   1.3   4.7   4.9                  
 23.5N               0.0   0.0   0.0   0.0   0.0   0.0   0.0   0.0   0.0   0.0   0.0  13.9   1.3   5.3   5.6   6.9  16.8   5.5   0.0   0.0   0.0               2.8   1.8   4.6                        
 22.5N                     0.0   0.0   0.0   0.0   0.0   0.0   0.0   0.0   0.0   6.8  27.5   1.7   6.4   0.0  11.4  30.2   0.0   0.3   3.6   4.3                     1.5                              
 21.5N                     0.0   0.0   0.0   0.0   0.0   0.0   0.0   0.0   0.0   0.0   0.0   0.0   0.0   0.0  14.7  20.9   2.9   2.1   4.8   5.3                                                      
 20.5N                           0.0   0.0   0.0   0.0   0.0   0.0   0.0   0.0   0.2   6.3   1.2   0.0   4.1  28.4  23.3   6.1   6.5                                                                  
 19.5N                                       0.0   0.0   0.0   0.0   0.0   0.7  12.6   2.8   0.0   0.0  22.6  32.1  12.9  10.7                                                                        
 18.5N                                       0.0   0.0   0.0   0.0   0.0   2.6   7.2   1.1   0.0   0.0  42.1  38.1  28.9                                                                              
 17.5N                                             0.0   0.0   0.0   0.0   0.9   1.1   1.1  34.6  21.1  26.1  22.6                                                                                    
 16.5N                                             0.0   0.0   0.0   0.0   0.0   0.0  17.4  34.6  24.8  25.9                                                                                          
 15.5N                                             0.0   0.0   0.0   0.0   0.0   0.0  12.6  43.7                                                                                                      
 14.5N                                                   0.0   0.0   0.0   0.0   3.4  10.6  16.4                                                                                                      
 13.5N                                                   0.0   0.0   0.0   0.0  17.4   9.2  19.1                                                                                                      
 12.5N                                                   0.0  39.6   0.0   0.0  10.2   5.2   8.7                                                                                                      
 11.5N                                                        22.2   1.0  10.5  12.8   6.8                                                                                                            
 10.5N                                                        26.0  15.7  19.1   8.9   3.7                                                                                                            
  9.5N                                                              11.6  35.0  17.8   6.3                                                                                                            
  8.5N                                                               6.4  20.3   7.8                                                                                                                  

  Day= 3-Jan
       66.5E 67.5E 68.5E 69.5E 70.5E 71.5E 72.5E 73.5E 74.5E 75.5E 76.5E 77.5E 78.5E 79.5E 80.5E 81.5E 82.5E 83.5E 84.5E 85.5E 86.5E 87.5E 88.5E 89.5E 90.5E 91.5E 92.5E 93.5E 94.5E 95.5E 96.5E 97.5E
 37.5N                                                                                                                                                                                                
 36.5N                                       0.4   1.3   2.5   3.0               5.4   5.6                                                                                                            
 35.5N                                             2.2   3.7   3.6   4.7   5.3   6.1   5.8   4.8                                                                                                      
 34.5N                                             3.7   5.2   5.4   5.9   5.9   6.9   5.5                                                                                                            
 33.5N                                             2.6   4.8   5.4   2.3   6.0   7.8   4.1                                                                                                            
 32.5N                                                   0.0   0.0   0.2   5.7   1.4   0.3                                                                                                            
 31.5N                                                   0.0   0.0   0.0   0.1   0.2   0.0                                                                                                            
 30.5N                                             0.0   0.0   0.0   0.0   0.0   0.0   0.0   0.0                                                                                                      
 29.5N                                       0.0   0.0   0.0   0.0   0.0   0.0   0.0   4.2   0.4                                                                                 2.8   3.0   3.2      
 28.5N                           0.0   0.0   0.0   0.0   0.0   0.0   0.0   0.0   0.0   0.1   0.1   0.0                                       0.0               0.0   0.0   0.9   2.2   3.0   2.9   3.2
 27.5N                     0.0   0.0   0.0   0.0   0.0   0.0   0.0   0.0   0.0   0.0   0.0   0.0   0.0   0.0   0.0   0.0                     0.0   0.0   0.0   0.0   0.0   0.0   0.9   2.2   2.6   3.0
 26.5N                           0.0   0.0   0.0   0.0   0.0   0.0   0.0   0.0   0.0   0.0   0.0   0.0   0.0   0.0   0.0   0.0   0.0   0.0   0.0   0.0   0.0   0.0   0.0   0.0   0.7   1.8            
 25.5N                           0.0   0.0   0.0   0.0   0.0   0.0   0.0   0.0   0.0   0.0   0.0   0.0   0.0   0.9   2.9   0.0   0.0   0.2   1.4         0.0   0.0   0.0   0.0   0.0                  
 24.5N               0.0   0.0   0.0   0.0   0.0   0.0   0.0   0.0   0.0   0.0   0.0   0.0   0.0   0.0   0.0   4.2   2.6   0.0   0.0   0.0   0.7               0.0   0.0   0.0   0.0                  
 23.5N               0.0   0.0   0.0   0.0   0.0   0.0   0.0   0.0   0.0   0.0   0.0   0.0   0.0   0.0   0.4   2.2   0.6   0.7   0.1   0.0   0.0               0.0   0.0   0.0                        
 22.5N                     0.0   0.0   0.0   0.0   0.0   0.0   0.0   0.0   0.0   0.0   2.4   0.0   0.6   0.0   0.0   0.0   0.0   0.0   0.0   0.0                     0.0                              
 21.5N                     0.0   0.0   0.0   0.0   0.0   0.0   0.0   0.0   0.0   0.0   0.0   0.0   0.0   0.0   0.0   0.0   0.0   0.1   0.0   0.0                                                      
 20.5N                           0.0   0.0   0.0   0.0   0.0   0.0   0.0   0.0   0.0   0.0   0.0   0.0   0.0   0.0   0.0   2.5   2.8                                                                  
 19.5N                                       0.0   0.0   0.0   0.0   0.0   0.0   0.0   0.0   0.0   0.0   0.1   1.8   1.5   0.4                                                                        
 18.5N                                       0.0   0.0   0.0   0.0   0.0   0.0   0.0   0.0   0.0   0.0   4.5   6.3   8.0                                                                              
 17.5N                                             0.0   0.0   0.0   0.0   0.0   0.0   0.0   0.5   0.2   6.0  11.4                                                                                    
 16.5N                                             0.0   0.0   0.0   0.0   0.0   0.0   1.1   5.6   4.6   5.9                                                                                          
 15.5N                                             0.0   0.0   0.0   0.0   0.0   0.0   1.9   3.9                                                                                                      
 14.5N                                                   0.0   0.0   0.0   0.2   0.0   5.4   8.3                                                                                                      
 13.5N                                                   0.0   0.0   0.0   0.0   3.9   2.2   8.1                                                                                                      
 12.5N                                                   0.0  41.8   0.0   0.0   0.0   4.9  10.4                                                                                                      
 11.5N                                                         0.0   0.0  14.0   2.5  30.9                                                                                                            
 10.5N                                                        10.6  41.9  36.0  15.3   8.3                                                                                                            
  9.5N                                                              19.8  23.0   0.5  25.6                                                                                                            
  8.5N                                                               1.3  20.6  27.4                                                                                                                  
